2024-04-20 16:09:20,679 DEBUG    root            Loaded Command Group: ['gcloud', 'auth']
2024-04-20 16:09:20,849 DEBUG    root            Loaded Command Group: ['gcloud', 'auth', 'login']
2024-04-20 16:09:20,853 DEBUG    root            Running [gcloud.auth.login] with arguments: []
2024-04-20 16:09:26,346 DEBUG    requests_oauthlib.oauth2_session Generated new state wRtqkna52D48u6kffsT7RERtyniuMU.
2024-04-20 16:09:26,347 INFO     ___FILE_ONLY___ Go to the following link in your browser:

    https://accounts.google.com/o/oauth2/auth?response_type=code&client_id=32555940559.apps.googleusercontent.com&redirect_uri=https%3A%2F%2Fsdk.cloud.google.com%2Fauthcode.html&scope=openid+https%3A%2F%2Fwww.googleapis.com%2Fauth%2Fuserinfo.email+https%3A%2F%2Fwww.googleapis.com%2Fauth%2Fcloud-platform+https%3A%2F%2Fwww.googleapis.com%2Fauth%2Fappengine.admin+https%3A%2F%2Fwww.googleapis.com%2Fauth%2Fsqlservice.login+https%3A%2F%2Fwww.googleapis.com%2Fauth%2Fcompute+https%3A%2F%2Fwww.googleapis.com%2Fauth%2Faccounts.reauth&state=wRtqkna52D48u6kffsT7RERtyniuMU&prompt=consent&token_usage=remote&access_type=offline&code_challenge=14bMSEFO9HNs0I8t97HYpyJTsUSxzt76hCDqmgtSsgU&code_challenge_method=S256


2024-04-20 16:09:45,481 DEBUG    requests_oauthlib.oauth2_session Requesting url https://oauth2.googleapis.com/token using method POST.
2024-04-20 16:09:45,482 DEBUG    requests_oauthlib.oauth2_session Supplying headers {b'Accept': b'application/json', b'Content-Type': b'application/x-www-form-urlencoded;charset=UTF-8', b'user-agent': b'google-cloud-sdk gcloud/471.0.0 command/gcloud.auth.login invocation-id/f644a19617bd49ffb84eba5141fb8d5f environment/GCE environment-version/None client-os/LINUX client-os-ver/6.1.0 client-pltf-arch/x86_64 interactive/True from-script/False python/3.11.8 term/xterm-256color (Linux 6.1.0-20-cloud-amd64)'} and data {'grant_type': 'authorization_code', 'client_id': '32555940559.apps.googleusercontent.com', 'client_secret': 'ZmssLNjJy2998hD4CTg2ejr2', 'code': '4/0AeaYSHD5mpT4hT7nllG1cuMaeAr8YcpFHsgyXbh4ggZPUDbH4PIPH-DIIG3H9VepCiYrgQ', 'redirect_uri': 'https://sdk.cloud.google.com/authcode.html', 'code_verifier': 'HAHQOVNbH-U5K7D68~GvCph6U5CS-_G3y3ARa09.TVUzMYJrTmJ_~CyF075j8gFNm8d0i4UrE1R2VIn36vQJo0lUtq7LLBKvEMxeXgYkgHH.JuQeA9BXxERU6bAFz-KD'}
2024-04-20 16:09:45,482 DEBUG    requests_oauthlib.oauth2_session Passing through key word arguments {'json': None, 'timeout': None, 'auth': None, 'verify': None, 'proxies': None}.
2024-04-20 16:09:45,483 DEBUG    urllib3.connectionpool Starting new HTTPS connection (1): oauth2.googleapis.com:443
2024-04-20 16:09:45,588 DEBUG    urllib3.connectionpool https://oauth2.googleapis.com:443 "POST /token HTTP/1.1" 200 None
2024-04-20 16:09:45,589 DEBUG    requests_oauthlib.oauth2_session Prepared fetch token request body grant_type=authorization_code&client_id=32555940559.apps.googleusercontent.com&client_secret=ZmssLNjJy2998hD4CTg2ejr2&code=4%2F0AeaYSHD5mpT4hT7nllG1cuMaeAr8YcpFHsgyXbh4ggZPUDbH4PIPH-DIIG3H9VepCiYrgQ&redirect_uri=https%3A%2F%2Fsdk.cloud.google.com%2Fauthcode.html&code_verifier=HAHQOVNbH-U5K7D68~GvCph6U5CS-_G3y3ARa09.TVUzMYJrTmJ_~CyF075j8gFNm8d0i4UrE1R2VIn36vQJo0lUtq7LLBKvEMxeXgYkgHH.JuQeA9BXxERU6bAFz-KD
2024-04-20 16:09:45,589 DEBUG    requests_oauthlib.oauth2_session Request to fetch token completed with status 200.
2024-04-20 16:09:45,589 DEBUG    requests_oauthlib.oauth2_session Request headers were {'user-agent': b'google-cloud-sdk gcloud/471.0.0 command/gcloud.auth.login invocation-id/f644a19617bd49ffb84eba5141fb8d5f environment/GCE environment-version/None client-os/LINUX client-os-ver/6.1.0 client-pltf-arch/x86_64 interactive/True from-script/False python/3.11.8 term/xterm-256color (Linux 6.1.0-20-cloud-amd64)', 'Accept-Encoding': 'gzip, deflate', 'Accept': b'application/json', 'Connection': 'keep-alive', 'Content-Type': b'application/x-www-form-urlencoded;charset=UTF-8', 'Content-Length': '405'}
2024-04-20 16:09:45,589 DEBUG    requests_oauthlib.oauth2_session Request body was grant_type=authorization_code&client_id=32555940559.apps.googleusercontent.com&client_secret=ZmssLNjJy2998hD4CTg2ejr2&code=4%2F0AeaYSHD5mpT4hT7nllG1cuMaeAr8YcpFHsgyXbh4ggZPUDbH4PIPH-DIIG3H9VepCiYrgQ&redirect_uri=https%3A%2F%2Fsdk.cloud.google.com%2Fauthcode.html&code_verifier=HAHQOVNbH-U5K7D68~GvCph6U5CS-_G3y3ARa09.TVUzMYJrTmJ_~CyF075j8gFNm8d0i4UrE1R2VIn36vQJo0lUtq7LLBKvEMxeXgYkgHH.JuQeA9BXxERU6bAFz-KD
2024-04-20 16:09:45,589 DEBUG    requests_oauthlib.oauth2_session Response headers were {'Pragma': 'no-cache', 'Cache-Control': 'no-cache, no-store, max-age=0, must-revalidate', 'Expires': 'Mon, 01 Jan 1990 00:00:00 GMT', 'Date': 'Sat, 20 Apr 2024 16:09:45 GMT', 'Content-Type': 'application/json; charset=utf-8', 'Vary': 'Origin, X-Origin, Referer', 'Content-Encoding': 'gzip', 'Server': 'scaffolding on HTTPServer2', 'X-XSS-Protection': '0', 'X-Frame-Options': 'SAMEORIGIN', 'X-Content-Type-Options': 'nosniff', 'Transfer-Encoding': 'chunked'} and content {
  "access_token": "ya29.a0Ad52N39N2TwydoJC3fAQUw-9_e09RSuP-DyLYC0W9JcSiUMD1bQUXblos1x0PhaqvIoq1Jvvnh_cRd0PWuMKRMOD1aL4NmJQHG2Aewm4Y0CD_JlYs1TCqLW3DUJJP4uVp9OJjW6kKu5be05eI_yjQxGNM2CsSF5LfEY8Om-aswaCgYKATwSARESFQHGX2MixUUsk5IK7pTEJ14CV_5OhQ0177",
  "expires_in": 3599,
  "refresh_token": "1//04RPKV_I4UDWrCgYIARAAGAQSNwF-L9IrxjLk1tWQP9JW8D9F2H2wfKSBwBWCT3h02L5Lddrm7eMjmymxPX2a3jMo-xDoCVXcRCs",
  "scope": "https://www.googleapis.com/auth/sqlservice.login openid https://www.googleapis.com/auth/userinfo.email https://www.googleapis.com/auth/appengine.admin https://www.googleapis.com/auth/cloud-platform https://www.googleapis.com/auth/accounts.reauth https://www.googleapis.com/auth/compute",
  "token_type": "Bearer",
  "id_token": "eyJhbGciOiJSUzI1NiIsImtpZCI6IjZjZTExYWVjZjllYjE0MDI0YTQ0YmJmZDFiY2Y4YjMyYTEyMjg3ZmEiLCJ0eXAiOiJKV1QifQ.eyJpc3MiOiJodHRwczovL2FjY291bnRzLmdvb2dsZS5jb20iLCJhenAiOiIzMjU1NTk0MDU1OS5hcHBzLmdvb2dsZXVzZXJjb250ZW50LmNvbSIsImF1ZCI6IjMyNTU1OTQwNTU5LmFwcHMuZ29vZ2xldXNlcmNvbnRlbnQuY29tIiwic3ViIjoiMTEyODI4NTE1Njk4MTEzNjI3MDY4IiwiaGQiOiJjb2x1bWJpYS5lZHUiLCJlbWFpbCI6InN2MjYzN0Bjb2x1bWJpYS5lZHUiLCJlbWFpbF92ZXJpZmllZCI6dHJ1ZSwiYXRfaGFzaCI6ImNYMjROekkzNklYdE9zdzZ1dS1XSWciLCJpYXQiOjE3MTM2MjkzODUsImV4cCI6MTcxMzYzMjk4NX0.f4dODlgtxAAH6zLFpO0H8GZQLhFKuX7nR43U1LVwPF5oy002cMgYWz6rLe24OrQYY7f7GFUdUvUXyw7TvDUSIRYRcAZsF30Ek3WT-zgDsanvEp6dorPxEZMZE2e5GYDGVHwU_kKE7xTziQwgjM5shdFBpShYLR8OXADSI3BClOmUbkg208XMecdLFKBIPIhsvLNFXEl1BbdG63l_GvQ476nWEUHmuNDzAghwHcB3JDPb0LaRYWiPngx-sJwgg6QThyFUoOyyDYxx2lmu6jK8ZB28nFEigjLxPaPRRvMYUVnSpaGJDUJJJGocVENQO6FEl7ZdPaVvaN0un3aX-lReuw"
}.
2024-04-20 16:09:45,589 DEBUG    requests_oauthlib.oauth2_session Invoking 0 token response hooks.
2024-04-20 16:09:45,589 DEBUG    requests_oauthlib.oauth2_session Obtained token {'access_token': 'ya29.a0Ad52N39N2TwydoJC3fAQUw-9_e09RSuP-DyLYC0W9JcSiUMD1bQUXblos1x0PhaqvIoq1Jvvnh_cRd0PWuMKRMOD1aL4NmJQHG2Aewm4Y0CD_JlYs1TCqLW3DUJJP4uVp9OJjW6kKu5be05eI_yjQxGNM2CsSF5LfEY8Om-aswaCgYKATwSARESFQHGX2MixUUsk5IK7pTEJ14CV_5OhQ0177', 'expires_in': 3599, 'refresh_token': '1//04RPKV_I4UDWrCgYIARAAGAQSNwF-L9IrxjLk1tWQP9JW8D9F2H2wfKSBwBWCT3h02L5Lddrm7eMjmymxPX2a3jMo-xDoCVXcRCs', 'scope': ['https://www.googleapis.com/auth/sqlservice.login', 'openid', 'https://www.googleapis.com/auth/userinfo.email', 'https://www.googleapis.com/auth/appengine.admin', 'https://www.googleapis.com/auth/cloud-platform', 'https://www.googleapis.com/auth/accounts.reauth', 'https://www.googleapis.com/auth/compute'], 'token_type': 'Bearer', 'id_token': 'eyJhbGciOiJSUzI1NiIsImtpZCI6IjZjZTExYWVjZjllYjE0MDI0YTQ0YmJmZDFiY2Y4YjMyYTEyMjg3ZmEiLCJ0eXAiOiJKV1QifQ.eyJpc3MiOiJodHRwczovL2FjY291bnRzLmdvb2dsZS5jb20iLCJhenAiOiIzMjU1NTk0MDU1OS5hcHBzLmdvb2dsZXVzZXJjb250ZW50LmNvbSIsImF1ZCI6IjMyNTU1OTQwNTU5LmFwcHMuZ29vZ2xldXNlcmNvbnRlbnQuY29tIiwic3ViIjoiMTEyODI4NTE1Njk4MTEzNjI3MDY4IiwiaGQiOiJjb2x1bWJpYS5lZHUiLCJlbWFpbCI6InN2MjYzN0Bjb2x1bWJpYS5lZHUiLCJlbWFpbF92ZXJpZmllZCI6dHJ1ZSwiYXRfaGFzaCI6ImNYMjROekkzNklYdE9zdzZ1dS1XSWciLCJpYXQiOjE3MTM2MjkzODUsImV4cCI6MTcxMzYzMjk4NX0.f4dODlgtxAAH6zLFpO0H8GZQLhFKuX7nR43U1LVwPF5oy002cMgYWz6rLe24OrQYY7f7GFUdUvUXyw7TvDUSIRYRcAZsF30Ek3WT-zgDsanvEp6dorPxEZMZE2e5GYDGVHwU_kKE7xTziQwgjM5shdFBpShYLR8OXADSI3BClOmUbkg208XMecdLFKBIPIhsvLNFXEl1BbdG63l_GvQ476nWEUHmuNDzAghwHcB3JDPb0LaRYWiPngx-sJwgg6QThyFUoOyyDYxx2lmu6jK8ZB28nFEigjLxPaPRRvMYUVnSpaGJDUJJJGocVENQO6FEl7ZdPaVvaN0un3aX-lReuw', 'expires_at': 1713632984.5896802}.
2024-04-20 16:09:45,616 INFO     ___FILE_ONLY___ 
You are now logged in as [sv2637@columbia.edu].
Your current project is [ml-cloud-hw4-final].  You can change this setting by running:
  $ gcloud config set project PROJECT_ID

2024-04-20 16:09:45,617 DEBUG    root            Chosen display Format:none
2024-04-20 16:09:45,617 INFO     root            Display format: "none"
2024-04-20 16:09:45,745 DEBUG    root            SDK update checks are disabled.
