2024-04-20 17:07:10,574 DEBUG    root            Loaded Command Group: ['gcloud', 'auth']
2024-04-20 17:07:10,774 DEBUG    root            Loaded Command Group: ['gcloud', 'auth', 'login']
2024-04-20 17:07:10,778 DEBUG    root            Running [gcloud.auth.login] with arguments: []
2024-04-20 17:07:12,962 DEBUG    requests_oauthlib.oauth2_session Generated new state c1XkY2Jp2odx7IESgEsjC0A56GvKvA.
2024-04-20 17:07:12,962 INFO     ___FILE_ONLY___ Go to the following link in your browser:

    https://accounts.google.com/o/oauth2/auth?response_type=code&client_id=32555940559.apps.googleusercontent.com&redirect_uri=https%3A%2F%2Fsdk.cloud.google.com%2Fauthcode.html&scope=openid+https%3A%2F%2Fwww.googleapis.com%2Fauth%2Fuserinfo.email+https%3A%2F%2Fwww.googleapis.com%2Fauth%2Fcloud-platform+https%3A%2F%2Fwww.googleapis.com%2Fauth%2Fappengine.admin+https%3A%2F%2Fwww.googleapis.com%2Fauth%2Fsqlservice.login+https%3A%2F%2Fwww.googleapis.com%2Fauth%2Fcompute+https%3A%2F%2Fwww.googleapis.com%2Fauth%2Faccounts.reauth&state=c1XkY2Jp2odx7IESgEsjC0A56GvKvA&prompt=consent&token_usage=remote&access_type=offline&code_challenge=aUeIX-vOwjke3cm4xBTQXzj3Bama6K43jtdgcVlcBX8&code_challenge_method=S256


2024-04-20 17:07:28,396 DEBUG    requests_oauthlib.oauth2_session Requesting url https://oauth2.googleapis.com/token using method POST.
2024-04-20 17:07:28,396 DEBUG    requests_oauthlib.oauth2_session Supplying headers {b'Accept': b'application/json', b'Content-Type': b'application/x-www-form-urlencoded;charset=UTF-8', b'user-agent': b'google-cloud-sdk gcloud/472.0.0 command/gcloud.auth.login invocation-id/09907578d14d4c9eb8359713c12eb038 environment/GCE environment-version/None client-os/LINUX client-os-ver/6.1.0 client-pltf-arch/x86_64 interactive/True from-script/False python/3.11.8 term/xterm-256color (Linux 6.1.0-20-cloud-amd64)'} and data {'grant_type': 'authorization_code', 'client_id': '32555940559.apps.googleusercontent.com', 'client_secret': 'ZmssLNjJy2998hD4CTg2ejr2', 'code': '4/0AeaYSHCUmuKHTKrpqvmnyuLUCkPZZozwCAC9f2sAEKLAewZitkHHhMpze-DeS2AoiQLcIg', 'redirect_uri': 'https://sdk.cloud.google.com/authcode.html', 'code_verifier': 'O80LFDkxypP6P3bB5KeXWkE0mNyu8wAQVLbuMe6VHK0L_eqJ.TKuEyQ5w-gVFCTOz~3o71SBg7FgwPkAGr~WrR6.G.NxtiV2zH~R1~09s0t7Lasgyd3wQs.gZ~LdhEoY'}
2024-04-20 17:07:28,396 DEBUG    requests_oauthlib.oauth2_session Passing through key word arguments {'json': None, 'timeout': None, 'auth': None, 'verify': None, 'proxies': None}.
2024-04-20 17:07:28,398 DEBUG    urllib3.connectionpool Starting new HTTPS connection (1): oauth2.googleapis.com:443
2024-04-20 17:07:28,498 DEBUG    urllib3.connectionpool https://oauth2.googleapis.com:443 "POST /token HTTP/1.1" 200 None
2024-04-20 17:07:28,499 DEBUG    requests_oauthlib.oauth2_session Prepared fetch token request body grant_type=authorization_code&client_id=32555940559.apps.googleusercontent.com&client_secret=ZmssLNjJy2998hD4CTg2ejr2&code=4%2F0AeaYSHCUmuKHTKrpqvmnyuLUCkPZZozwCAC9f2sAEKLAewZitkHHhMpze-DeS2AoiQLcIg&redirect_uri=https%3A%2F%2Fsdk.cloud.google.com%2Fauthcode.html&code_verifier=O80LFDkxypP6P3bB5KeXWkE0mNyu8wAQVLbuMe6VHK0L_eqJ.TKuEyQ5w-gVFCTOz~3o71SBg7FgwPkAGr~WrR6.G.NxtiV2zH~R1~09s0t7Lasgyd3wQs.gZ~LdhEoY
2024-04-20 17:07:28,500 DEBUG    requests_oauthlib.oauth2_session Request to fetch token completed with status 200.
2024-04-20 17:07:28,500 DEBUG    requests_oauthlib.oauth2_session Request headers were {'user-agent': b'google-cloud-sdk gcloud/472.0.0 command/gcloud.auth.login invocation-id/09907578d14d4c9eb8359713c12eb038 environment/GCE environment-version/None client-os/LINUX client-os-ver/6.1.0 client-pltf-arch/x86_64 interactive/True from-script/False python/3.11.8 term/xterm-256color (Linux 6.1.0-20-cloud-amd64)', 'Accept-Encoding': 'gzip, deflate', 'Accept': b'application/json', 'Connection': 'keep-alive', 'Content-Type': b'application/x-www-form-urlencoded;charset=UTF-8', 'Content-Length': '405'}
2024-04-20 17:07:28,500 DEBUG    requests_oauthlib.oauth2_session Request body was grant_type=authorization_code&client_id=32555940559.apps.googleusercontent.com&client_secret=ZmssLNjJy2998hD4CTg2ejr2&code=4%2F0AeaYSHCUmuKHTKrpqvmnyuLUCkPZZozwCAC9f2sAEKLAewZitkHHhMpze-DeS2AoiQLcIg&redirect_uri=https%3A%2F%2Fsdk.cloud.google.com%2Fauthcode.html&code_verifier=O80LFDkxypP6P3bB5KeXWkE0mNyu8wAQVLbuMe6VHK0L_eqJ.TKuEyQ5w-gVFCTOz~3o71SBg7FgwPkAGr~WrR6.G.NxtiV2zH~R1~09s0t7Lasgyd3wQs.gZ~LdhEoY
2024-04-20 17:07:28,500 DEBUG    requests_oauthlib.oauth2_session Response headers were {'Expires': 'Mon, 01 Jan 1990 00:00:00 GMT', 'Pragma': 'no-cache', 'Cache-Control': 'no-cache, no-store, max-age=0, must-revalidate', 'Date': 'Sat, 20 Apr 2024 17:07:28 GMT', 'Content-Type': 'application/json; charset=utf-8', 'Vary': 'Origin, X-Origin, Referer', 'Content-Encoding': 'gzip', 'Server': 'scaffolding on HTTPServer2', 'X-XSS-Protection': '0', 'X-Frame-Options': 'SAMEORIGIN', 'X-Content-Type-Options': 'nosniff', 'Transfer-Encoding': 'chunked'} and content {
  "access_token": "ya29.a0Ad52N3_GX57S5vYT5MW_NNKissWdSJ1EU-Q0am5SNNSWftkdzusycLGBlH1BCGPw7EEvRvI5UErpI-mlyAg3YdU57nrNPiPQcI_hE9AqQmZkSnB54yYtVMQSI66eQyaOlYMtvU4I5tqj2hLlNTwJNPy1tNkblA-s6rPpMLDFzAaCgYKAY4SARESFQHGX2MiyefW__iJRbp6wlO02hsXGA0177",
  "expires_in": 3599,
  "refresh_token": "1//04tndP4nEJ_DICgYIARAAGAQSNwF-L9IrAAw-DO1d49h84bOcplCXlqucvShlIm8MtOfpoy1ncetVCU6btgbFI5JDVIbVctuYp2o",
  "scope": "https://www.googleapis.com/auth/accounts.reauth https://www.googleapis.com/auth/appengine.admin https://www.googleapis.com/auth/sqlservice.login https://www.googleapis.com/auth/userinfo.email https://www.googleapis.com/auth/compute https://www.googleapis.com/auth/cloud-platform openid",
  "token_type": "Bearer",
  "id_token": "eyJhbGciOiJSUzI1NiIsImtpZCI6IjZjZTExYWVjZjllYjE0MDI0YTQ0YmJmZDFiY2Y4YjMyYTEyMjg3ZmEiLCJ0eXAiOiJKV1QifQ.eyJpc3MiOiJodHRwczovL2FjY291bnRzLmdvb2dsZS5jb20iLCJhenAiOiIzMjU1NTk0MDU1OS5hcHBzLmdvb2dsZXVzZXJjb250ZW50LmNvbSIsImF1ZCI6IjMyNTU1OTQwNTU5LmFwcHMuZ29vZ2xldXNlcmNvbnRlbnQuY29tIiwic3ViIjoiMTEyODI4NTE1Njk4MTEzNjI3MDY4IiwiaGQiOiJjb2x1bWJpYS5lZHUiLCJlbWFpbCI6InN2MjYzN0Bjb2x1bWJpYS5lZHUiLCJlbWFpbF92ZXJpZmllZCI6dHJ1ZSwiYXRfaGFzaCI6Im4wMDAxbWtQRktGZmV2MHpzLWUyWWciLCJpYXQiOjE3MTM2MzI4NDgsImV4cCI6MTcxMzYzNjQ0OH0.if2mAjMBTuzgHptFI9v2MqM7oOR8c6vk0V__dTpMgs1IJN3kIwpMVkbzWILAfCYeXcM7uFjrc2xdS6_Ztdiqm40CUAih5MhdlOo_-Fcwzi9MbcBq-U7bldg-Ad34j8R5YHLM4rFVQIKFR3YlSrXdhab3P7neVwoZ8DD5qyimexEPz_5tzLwRANlH9LPB-PSW4-WoFG-mtWvjjGvmh17fa28ioc1W_QG9n3VNFPdWujcR3zeDj7Vf94CWfgnEmEbA8f_u7i7iFE3AdtZEk1ZsthxYkZstYoodO01oTAx8eYljJirsheIgywX-Jjvp377Izojj5zKc3TsjEwkFqXfggw"
}.
2024-04-20 17:07:28,500 DEBUG    requests_oauthlib.oauth2_session Invoking 0 token response hooks.
2024-04-20 17:07:28,500 DEBUG    requests_oauthlib.oauth2_session Obtained token {'access_token': 'ya29.a0Ad52N3_GX57S5vYT5MW_NNKissWdSJ1EU-Q0am5SNNSWftkdzusycLGBlH1BCGPw7EEvRvI5UErpI-mlyAg3YdU57nrNPiPQcI_hE9AqQmZkSnB54yYtVMQSI66eQyaOlYMtvU4I5tqj2hLlNTwJNPy1tNkblA-s6rPpMLDFzAaCgYKAY4SARESFQHGX2MiyefW__iJRbp6wlO02hsXGA0177', 'expires_in': 3599, 'refresh_token': '1//04tndP4nEJ_DICgYIARAAGAQSNwF-L9IrAAw-DO1d49h84bOcplCXlqucvShlIm8MtOfpoy1ncetVCU6btgbFI5JDVIbVctuYp2o', 'scope': ['https://www.googleapis.com/auth/accounts.reauth', 'https://www.googleapis.com/auth/appengine.admin', 'https://www.googleapis.com/auth/sqlservice.login', 'https://www.googleapis.com/auth/userinfo.email', 'https://www.googleapis.com/auth/compute', 'https://www.googleapis.com/auth/cloud-platform', 'openid'], 'token_type': 'Bearer', 'id_token': 'eyJhbGciOiJSUzI1NiIsImtpZCI6IjZjZTExYWVjZjllYjE0MDI0YTQ0YmJmZDFiY2Y4YjMyYTEyMjg3ZmEiLCJ0eXAiOiJKV1QifQ.eyJpc3MiOiJodHRwczovL2FjY291bnRzLmdvb2dsZS5jb20iLCJhenAiOiIzMjU1NTk0MDU1OS5hcHBzLmdvb2dsZXVzZXJjb250ZW50LmNvbSIsImF1ZCI6IjMyNTU1OTQwNTU5LmFwcHMuZ29vZ2xldXNlcmNvbnRlbnQuY29tIiwic3ViIjoiMTEyODI4NTE1Njk4MTEzNjI3MDY4IiwiaGQiOiJjb2x1bWJpYS5lZHUiLCJlbWFpbCI6InN2MjYzN0Bjb2x1bWJpYS5lZHUiLCJlbWFpbF92ZXJpZmllZCI6dHJ1ZSwiYXRfaGFzaCI6Im4wMDAxbWtQRktGZmV2MHpzLWUyWWciLCJpYXQiOjE3MTM2MzI4NDgsImV4cCI6MTcxMzYzNjQ0OH0.if2mAjMBTuzgHptFI9v2MqM7oOR8c6vk0V__dTpMgs1IJN3kIwpMVkbzWILAfCYeXcM7uFjrc2xdS6_Ztdiqm40CUAih5MhdlOo_-Fcwzi9MbcBq-U7bldg-Ad34j8R5YHLM4rFVQIKFR3YlSrXdhab3P7neVwoZ8DD5qyimexEPz_5tzLwRANlH9LPB-PSW4-WoFG-mtWvjjGvmh17fa28ioc1W_QG9n3VNFPdWujcR3zeDj7Vf94CWfgnEmEbA8f_u7i7iFE3AdtZEk1ZsthxYkZstYoodO01oTAx8eYljJirsheIgywX-Jjvp377Izojj5zKc3TsjEwkFqXfggw', 'expires_at': 1713636447.500701}.
2024-04-20 17:07:28,531 INFO     ___FILE_ONLY___ 
You are now logged in as [sv2637@columbia.edu].
Your current project is [ml-cloud-hw4-final].  You can change this setting by running:
  $ gcloud config set project PROJECT_ID

2024-04-20 17:07:28,532 DEBUG    root            Chosen display Format:none
2024-04-20 17:07:28,532 INFO     root            Display format: "none"
2024-04-20 17:07:28,645 DEBUG    root            SDK update checks are disabled.
2024-04-20 17:07:28,650 DEBUG    root            Metrics reporting process started...
