2024-04-20 17:08:04,167 DEBUG    root            Loaded Command Group: ['gcloud', 'config']
2024-04-20 17:08:04,175 DEBUG    root            Loaded Command Group: ['gcloud', 'config', 'config_helper']
2024-04-20 17:08:04,178 DEBUG    root            Running [gcloud.config.config-helper] with arguments: [--format: "json"]
2024-04-20 17:08:04,201 DEBUG    root            Chosen display Format:default json
2024-04-20 17:08:04,201 INFO     root            Display format: "default json"
2024-04-20 17:08:04,238 INFO     ___FILE_ONLY___ {
  "configuration": {
    "active_configuration": "default",
    "properties": {
      "core": {
        "account": "sv2637@columbia.edu",
        "disable_usage_reporting": "False",
        "project": "ml-cloud-hw4-final"
      }
    }
  },
  "credential": {
    "access_token": "ya29.a0Ad52N3_GX57S5vYT5MW_NNKissWdSJ1EU-Q0am5SNNSWftkdzusycLGBlH1BCGPw7EEvRvI5UErpI-mlyAg3YdU57nrNPiPQcI_hE9AqQmZkSnB54yYtVMQSI66eQyaOlYMtvU4I5tqj2hLlNTwJNPy1tNkblA-s6rPpMLDFzAaCgYKAY4SARESFQHGX2MiyefW__iJRbp6wlO02hsXGA0177",
    "id_token": "eyJhbGciOiJSUzI1NiIsImtpZCI6IjZjZTExYWVjZjllYjE0MDI0YTQ0YmJmZDFiY2Y4YjMyYTEyMjg3ZmEiLCJ0eXAiOiJKV1QifQ.eyJpc3MiOiJodHRwczovL2FjY291bnRzLmdvb2dsZS5jb20iLCJhenAiOiIzMjU1NTk0MDU1OS5hcHBzLmdvb2dsZXVzZXJjb250ZW50LmNvbSIsImF1ZCI6IjMyNTU1OTQwNTU5LmFwcHMuZ29vZ2xldXNlcmNvbnRlbnQuY29tIiwic3ViIjoiMTEyODI4NTE1Njk4MTEzNjI3MDY4IiwiaGQiOiJjb2x1bWJpYS5lZHUiLCJlbWFpbCI6InN2MjYzN0Bjb2x1bWJpYS5lZHUiLCJlbWFpbF92ZXJpZmllZCI6dHJ1ZSwiYXRfaGFzaCI6Im4wMDAxbWtQRktGZmV2MHpzLWUyWWciLCJpYXQiOjE3MTM2MzI4NDgsImV4cCI6MTcxMzYzNjQ0OH0.if2mAjMBTuzgHptFI9v2MqM7oOR8c6vk0V__dTpMgs1IJN3kIwpMVkbzWILAfCYeXcM7uFjrc2xdS6_Ztdiqm40CUAih5MhdlOo_-Fcwzi9MbcBq-U7bldg-Ad34j8R5YHLM4rFVQIKFR3YlSrXdhab3P7neVwoZ8DD5qyimexEPz_5tzLwRANlH9LPB-PSW4-WoFG-mtWvjjGvmh17fa28ioc1W_QG9n3VNFPdWujcR3zeDj7Vf94CWfgnEmEbA8f_u7i7iFE3AdtZEk1ZsthxYkZstYoodO01oTAx8eYljJirsheIgywX-Jjvp377Izojj5zKc3TsjEwkFqXfggw",
    "token_expiry": "2024-04-20T18:07:27Z"
  },
  "sentinels": {
    "config_sentinel": "/home/sv2637/.config/gcloud/config_sentinel"
  }
}
2024-04-20 17:08:04,239 INFO     ___FILE_ONLY___ 

2024-04-20 17:08:04,239 DEBUG    root            SDK update checks are disabled.
2024-04-20 17:08:04,242 DEBUG    root            Metrics reporting process started...
